0 info it worked if it ends with ok
1 verbose cli [ '/usr/local/Cellar/node/6.3.0/bin/node',
1 verbose cli   '/usr/local/bin/npm',
1 verbose cli   'run',
1 verbose cli   'serve-dev' ]
2 info using npm@3.10.5
3 info using node@v6.3.0
4 verbose run-script [ 'preserve-dev', 'serve-dev', 'postserve-dev' ]
5 info lifecycle stepr@1.0.0~preserve-dev: stepr@1.0.0
6 silly lifecycle stepr@1.0.0~preserve-dev: no script for preserve-dev, continuing
7 info lifecycle stepr@1.0.0~serve-dev: stepr@1.0.0
8 verbose lifecycle stepr@1.0.0~serve-dev: unsafe-perm in lifecycle true
9 verbose lifecycle stepr@1.0.0~serve-dev: PATH: /usr/local/lib/node_modules/npm/bin/node-gyp-bin:/Users/jcox/Dev/stepr/node_modules/.bin:/usr/local/Cellar/node/6.3.0/bin:/Users/jcox/.rvm/gems/ruby-2.3.0/bin:/Users/jcox/.rvm/gems/ruby-2.3.0@global/bin:/Users/jcox/.rvm/rubies/ruby-2.3.0/bin:/usr/local/bin:/usr/bin:/bin:/usr/sbin:/sbin:/Users/jcox/.rvm/bin
10 verbose lifecycle stepr@1.0.0~serve-dev: CWD: /Users/jcox/Dev/stepr
11 silly lifecycle stepr@1.0.0~serve-dev: Args: [ '-c', 'rimraf ./dist/dev && gulp serve-dev' ]
12 silly lifecycle stepr@1.0.0~serve-dev: Returned: code: 1  signal: null
13 info lifecycle stepr@1.0.0~serve-dev: Failed to exec serve-dev script
14 verbose stack Error: stepr@1.0.0 serve-dev: `rimraf ./dist/dev && gulp serve-dev`
14 verbose stack Exit status 1
14 verbose stack     at EventEmitter.<anonymous> (/usr/local/lib/node_modules/npm/lib/utils/lifecycle.js:242:16)
14 verbose stack     at emitTwo (events.js:106:13)
14 verbose stack     at EventEmitter.emit (events.js:191:7)
14 verbose stack     at ChildProcess.<anonymous> (/usr/local/lib/node_modules/npm/lib/utils/spawn.js:40:14)
14 verbose stack     at emitTwo (events.js:106:13)
14 verbose stack     at ChildProcess.emit (events.js:191:7)
14 verbose stack     at maybeClose (internal/child_process.js:852:16)
14 verbose stack     at Process.ChildProcess._handle.onexit (internal/child_process.js:215:5)
15 verbose pkgid stepr@1.0.0
16 verbose cwd /Users/jcox/Dev/stepr
17 error Darwin 15.5.0
18 error argv "/usr/local/Cellar/node/6.3.0/bin/node" "/usr/local/bin/npm" "run" "serve-dev"
19 error node v6.3.0
20 error npm  v3.10.5
21 error code ELIFECYCLE
22 error stepr@1.0.0 serve-dev: `rimraf ./dist/dev && gulp serve-dev`
22 error Exit status 1
23 error Failed at the stepr@1.0.0 serve-dev script 'rimraf ./dist/dev && gulp serve-dev'.
23 error Make sure you have the latest version of node.js and npm installed.
23 error If you do, this is most likely a problem with the stepr package,
23 error not with npm itself.
23 error Tell the author that this fails on your system:
23 error     rimraf ./dist/dev && gulp serve-dev
23 error You can get information on how to open an issue for this project with:
23 error     npm bugs stepr
23 error Or if that isn't available, you can get their info via:
23 error     npm owner ls stepr
23 error There is likely additional logging output above.
24 verbose exit [ 1, true ]
